#
# A fatal error has been detected by the Java Runtime Environment:
#
#  Internal Error (javaClasses.cpp:124), pid=6892, tid=7540
#  fatal error: Invalid layout of preloaded class
#
# JRE version:  (8.0_05-b13) (build )
# Java VM: Java HotSpot(TM) 64-Bit Server VM (25.5-b02 mixed mode windows-amd64 compressed oops)
# Failed to write core dump. Minidumps are not enabled by default on client versions of Windows
#
# If you would like to submit a bug report, please visit:
#   http://bugreport.sun.com/bugreport/crash.jsp
#

---------------  T H R E A D  ---------------

Current thread (0x000000000247e800):  JavaThread "Unknown thread" [_thread_in_vm, id=7540, stack(0x00000000024d0000,0x00000000025d0000)]

Stack: [0x00000000024d0000,0x00000000025d0000]
Native frames: (J=compiled Java code, j=interpreted, Vv=VM code, C=native code)
V  [jvm.dll+0x308dea]
V  [jvm.dll+0x25def1]
V  [jvm.dll+0x25eb0f]
V  [jvm.dll+0x256466]
V  [jvm.dll+0x5d33c]
V  [jvm.dll+0x5d433]
V  [jvm.dll+0x71d2a]
V  [jvm.dll+0x72088]
V  [jvm.dll+0xe1607]
V  [jvm.dll+0xe1996]
V  [jvm.dll+0x1f13e7]
V  [jvm.dll+0x2227c4]
V  [jvm.dll+0x149f71]
C  [javaw.exe+0x208a]
C  [javaw.exe+0xc9db]
C  [javaw.exe+0xca6f]
C  [kernel32.dll+0x159ed]
C  [ntdll.dll+0x2c541]


---------------  P R O C E S S  ---------------

Java Threads: ( => current thread )

Other Threads:

=>0x000000000247e800 (exited) JavaThread "Unknown thread" [_thread_in_vm, id=7540, stack(0x00000000024d0000,0x00000000025d0000)]

VM state:not at safepoint (not fully initialized)

VM Mutex/Monitor currently owned by a thread: None

GC Heap History (0 events):
No events

Deoptimization events (0 events):
No events

Internal exceptions (0 events):
No events

Events (10 events):
Event: 0.010 loading class java/lang/CharSequence done
Event: 0.011 loading class java/lang/String done
Event: 0.011 loading class java/lang/Class
Event: 0.011 loading class java/lang/reflect/AnnotatedElement
Event: 0.011 loading class java/lang/reflect/AnnotatedElement done
Event: 0.011 loading class java/lang/reflect/GenericDeclaration
Event: 0.011 loading class java/lang/reflect/GenericDeclaration done
Event: 0.011 loading class java/lang/reflect/Type
Event: 0.011 loading class java/lang/reflect/Type done
Event: 0.011 loading class java/lang/Class done


Dynamic libraries:
0x000000013f700000 - 0x000000013f734000 	C:\Program Files\Java\jre8\bin\javaw.exe
0x0000000076f80000 - 0x0000000077129000 	C:\Windows\SYSTEM32\ntdll.dll
0x0000000076e60000 - 0x0000000076f7f000 	C:\Windows\system32\kernel32.dll
0x000007fefce90000 - 0x000007fefcefc000 	C:\Windows\system32\KERNELBASE.dll
0x000007fefd690000 - 0x000007fefd76b000 	C:\Windows\system32\ADVAPI32.dll
0x000007feff1a0000 - 0x000007feff23f000 	C:\Windows\system32\msvcrt.dll
0x000007fefd790000 - 0x000007fefd7af000 	C:\Windows\SYSTEM32\sechost.dll
0x000007fefdbf0000 - 0x000007fefdd1d000 	C:\Windows\system32\RPCRT4.dll
0x0000000076d60000 - 0x0000000076e5a000 	C:\Windows\system32\USER32.dll
0x000007fefd620000 - 0x000007fefd687000 	C:\Windows\system32\GDI32.dll
0x000007fefe270000 - 0x000007fefe27e000 	C:\Windows\system32\LPK.dll
0x000007fefd910000 - 0x000007fefd9d9000 	C:\Windows\system32\USP10.dll
0x000007fefbd90000 - 0x000007fefbf84000 	C:\Windows\WinSxS\amd64_microsoft.windows.common-controls_6595b64144ccf1df_6.0.7601.17514_none_fa396087175ac9ac\COMCTL32.dll
0x000007fefe330000 - 0x000007fefe3a1000 	C:\Windows\system32\SHLWAPI.dll
0x000007fefe280000 - 0x000007fefe2ae000 	C:\Windows\system32\IMM32.DLL
0x000007fefdd20000 - 0x000007fefde29000 	C:\Windows\system32\MSCTF.dll
0x000007fefccf0000 - 0x000007fefcd34000 	C:\Windows\system32\nvinitx.dll
0x0000000072370000 - 0x0000000072442000 	C:\Program Files\Java\jre8\bin\msvcr100.dll
0x000000006aa10000 - 0x000000006b23a000 	C:\Program Files\Java\jre8\bin\server\jvm.dll
0x000007fef54d0000 - 0x000007fef54d9000 	C:\Windows\system32\WSOCK32.dll
0x000007feff240000 - 0x000007feff28d000 	C:\Windows\system32\WS2_32.dll
0x000007fefe260000 - 0x000007fefe268000 	C:\Windows\system32\NSI.dll
0x000007fef99c0000 - 0x000007fef99fb000 	C:\Windows\system32\WINMM.dll
0x0000000077140000 - 0x0000000077147000 	C:\Windows\system32\PSAPI.DLL
0x0000000072350000 - 0x000000007235f000 	C:\Program Files\Java\jre8\bin\verify.dll
0x0000000072320000 - 0x0000000072348000 	C:\Program Files\Java\jre8\bin\java.dll
0x0000000072300000 - 0x0000000072316000 	C:\Program Files\Java\jre8\bin\zip.dll
0x000007feea9a0000 - 0x000007feeaac5000 	C:\Windows\system32\dbghelp.dll

VM Arguments:
jvm_args: -Dfile.encoding=Cp1252 -Xbootclasspath:C:\Users\Brandon\adt-bundle-windows-x86_64-20140321\sdk\platforms\android-19\android.jar 
java_command: com.searchgame.utilities.FileParsingUtility
java_class_path (initial): C:\Users\Brandon\SearchGame\SearchGame\bin\classes;C:\Users\Brandon\SearchGame\appcompat_v7\libs\android-support-v4.jar;C:\Users\Brandon\SearchGame\SearchGame\libs\json-simple-1.1.1.jar;C:\Users\Brandon\SearchGame\appcompat_v7\libs\android-support-v7-appcompat.jar;C:\Users\Brandon\SearchGame\appcompat_v7\bin\appcompat_v7.jar
Launcher Type: SUN_STANDARD

Environment Variables:
PATH=C:\Program Files\Common Files\Microsoft Shared\Windows Live;C:\Program Files (x86)\Common Files\Microsoft Shared\Windows Live;C:\Program Files (x86)\NVIDIA Corporation\PhysX\Common;C:\Program Files (x86)\Intel\iCLS Client\;C:\Program Files\Intel\iCLS Client\;C:\Windows\system32;C:\Windows;C:\Windows\System32\Wbem;C:\Windows\System32\WindowsPowerShell\v1.0\;C:\Program Files\Intel\WiFi\bin\;C:\Program Files\Common Files\Intel\WirelessCommon\;C:\Program Files (x86)\Intel\OpenCL SDK\1.5\bin\x86;C:\Program Files (x86)\Intel\OpenCL SDK\1.5\bin\x64;C:\Program Files\Intel\Intel(R) Management Engine Components\DAL;C:\Program Files\Intel\Intel(R) Management Engine Components\IPT;C:\Program Files (x86)\Intel\Intel(R) Management Engine Components\DAL;C:\Program Files (x86)\Intel\Intel(R) Management Engine Components\IPT;C:\Program Files\Lenovo\Bluetooth Software\;C:\Program Files\Lenovo\Bluetooth Software\syswow64;C:\Python27;C:\Program Files (x86)\Windows Live\Shared;C:\Program Files\Common Files\Microsoft Shared\Windows Live;C:\Program Files (x86)\Common Files\Microsoft Shared\Windows Live;C:\Program Files (x86)\NVIDIA Corporation\PhysX\Common;C:\Program Files (x86)\Intel\iCLS Client\;C:\Program Files\Intel\iCLS Client\;C:\Windows\system32;C:\Windows;C:\Windows\System32\Wbem;C:\Windows\System32\WindowsPowerShell\v1.0\;C:\Program Files\Intel\WiFi\bin\;C:\Program Files\Common Files\Intel\WirelessCommon\;C:\Program Files (x86)\Intel\OpenCL SDK\1.5\bin\x86;C:\Program Files (x86)\Intel\OpenCL SDK\1.5\bin\x64;C:\Program Files\Intel\Intel(R) Management Engine Components\DAL;C:\Program Files\Intel\Intel(R) Management Engine Components\IPT;C:\Program Files (x86)\Intel\Intel(R) Management Engine Components\DAL;C:\Program Files (x86)\Intel\Intel(R) Management Engine Components\IPT;C:\Program Files\Lenovo\Bluetooth Software\;C:\Program Files\Lenovo\Bluetooth Software\syswow64;C:\Python27;C:\Program Files (x86)\Windows Live\Shared;C:\Python27\Scripts
USERNAME=Brandon
OS=Windows_NT
PROCESSOR_IDENTIFIER=Intel64 Family 6 Model 58 Stepping 9, GenuineIntel



---------------  S Y S T E M  ---------------

OS: Windows 7 , 64 bit Build 7601 Service Pack 1

CPU:total 8 (4 cores per cpu, 2 threads per core) family 6 model 58 stepping 9, cmov, cx8, fxsr, mmx, sse, sse2, sse3, ssse3, sse4.1, sse4.2, popcnt, avx, aes, clmul, erms, ht, tsc, tscinvbit

Memory: 4k page, physical 8288620k(3525080k free), swap 16575376k(11540512k free)

vm_info: Java HotSpot(TM) 64-Bit Server VM (25.5-b02) for windows-amd64 JRE (1.8.0_05-b13), built on Mar 18 2014 01:08:39 by "java_re" with MS VC++ 10.0 (VS2010)

time: Tue May 20 18:28:00 2014
elapsed time: 0 seconds

